INFO 2026-05-09 10:58:30,722 autoreload 20036 16664 Watching for file changes with StatReloader
INFO 2026-05-09 11:01:06,112 autoreload 20036 16664 C:\Users\heli3\secure-vault\secure-vault-backend\files_app\validators.py changed, reloading.
INFO 2026-05-09 11:01:06,740 autoreload 7508 796 Watching for file changes with StatReloader
INFO 2026-05-09 11:01:10,864 autoreload 10908 12944 Watching for file changes with StatReloader
INFO 2026-05-09 11:01:30,191 autoreload 7508 796 C:\Users\heli3\secure-vault\secure-vault-backend\auth_app\migrations\0003_customuser_auth_enhancements.py changed, reloading.
INFO 2026-05-09 11:01:30,670 autoreload 10908 12944 C:\Users\heli3\secure-vault\secure-vault-backend\auth_app\migrations\0003_customuser_auth_enhancements.py changed, reloading.
INFO 2026-05-09 11:01:30,841 autoreload 19304 3760 Watching for file changes with StatReloader
INFO 2026-05-09 11:01:31,373 autoreload 20308 5548 Watching for file changes with StatReloader
INFO 2026-05-09 11:01:43,637 autoreload 15248 10316 Watching for file changes with StatReloader
INFO 2026-05-09 11:01:54,232 autoreload 4868 1984 Watching for file changes with StatReloader
INFO 2026-05-09 11:01:58,114 basehttp 15248 18332 "GET / HTTP/1.1" 200 43
INFO 2026-05-09 11:05:26,268 basehttp 4868 13564 "OPTIONS /api/auth/signup/ HTTP/1.1" 200 0
WARNING 2026-05-09 11:05:26,323 middleware 4868 13564 API Response: POST /api/auth/signup/ - 401
WARNING 2026-05-09 11:05:26,323 log 4868 13564 Unauthorized: /api/auth/signup/
WARNING 2026-05-09 11:05:26,324 basehttp 4868 13564 "POST /api/auth/signup/ HTTP/1.1" 401 58
INFO 2026-05-09 11:12:14,645 autoreload 11620 18212 Watching for file changes with StatReloader
INFO 2026-05-09 11:15:56,074 autoreload 8784 18868 Watching for file changes with StatReloader
INFO 2026-05-09 11:16:07,854 autoreload 1800 2532 Watching for file changes with StatReloader
INFO 2026-05-09 11:16:12,381 basehttp 8784 16836 "GET / HTTP/1.1" 200 43
INFO 2026-05-09 11:16:16,099 basehttp 8784 14060 "OPTIONS /api/auth/signup/ HTTP/1.1" 200 0
WARNING 2026-05-09 11:16:16,108 middleware 8784 14060 API Response: POST /api/auth/signup/ - 401
WARNING 2026-05-09 11:16:16,109 log 8784 14060 Unauthorized: /api/auth/signup/
WARNING 2026-05-09 11:16:16,109 basehttp 8784 14060 "POST /api/auth/signup/ HTTP/1.1" 401 58
WARNING 2026-05-09 11:16:48,080 middleware 1800 11504 API Response: POST /api/auth/signup/ - 401
WARNING 2026-05-09 11:16:48,080 log 1800 11504 Unauthorized: /api/auth/signup/
WARNING 2026-05-09 11:16:48,080 basehttp 1800 11504 "POST /api/auth/signup/ HTTP/1.1" 401 58
INFO 2026-05-09 11:17:16,917 autoreload 1800 2532 C:\Users\heli3\secure-vault\secure-vault-backend\auth_app\views.py changed, reloading.
INFO 2026-05-09 11:17:17,577 autoreload 18416 1212 Watching for file changes with StatReloader
INFO 2026-05-09 11:17:22,025 autoreload 18416 1212 C:\Users\heli3\secure-vault\secure-vault-backend\auth_app\views.py changed, reloading.
INFO 2026-05-09 11:17:22,702 autoreload 16824 10128 Watching for file changes with StatReloader
WARNING 2026-05-09 11:17:30,506 middleware 16824 19548 API Response: POST /api/auth/signup/ - 400
WARNING 2026-05-09 11:17:30,507 log 16824 19548 Bad Request: /api/auth/signup/
WARNING 2026-05-09 11:17:30,507 basehttp 16824 19548 "POST /api/auth/signup/ HTTP/1.1" 400 47
INFO 2026-05-09 11:17:48,077 basehttp 16824 2356 "POST /api/auth/signup/ HTTP/1.1" 201 5806
WARNING 2026-05-09 11:17:54,721 middleware 16824 16836 API Response: POST /api/auth/signup/ - 400
WARNING 2026-05-09 11:17:54,722 log 16824 16836 Bad Request: /api/auth/signup/
WARNING 2026-05-09 11:17:54,722 basehttp 16824 16836 "POST /api/auth/signup/ HTTP/1.1" 400 58
INFO 2026-05-09 11:17:58,971 basehttp 16824 11484 "POST /api/auth/login/ HTTP/1.1" 200 5806
WARNING 2026-05-09 11:17:59,535 middleware 16824 4588 API Response: POST /api/auth/signup/ - 429
WARNING 2026-05-09 11:17:59,536 log 16824 4588 Too Many Requests: /api/auth/signup/
WARNING 2026-05-09 11:17:59,536 basehttp 16824 4588 "POST /api/auth/signup/ HTTP/1.1" 429 87
INFO 2026-05-09 11:24:57,350 autoreload 1616 12560 Watching for file changes with StatReloader
INFO 2026-05-09 11:25:18,665 basehttp 1616 17932 "GET / HTTP/1.1" 200 43
WARNING 2026-05-09 11:25:25,075 middleware 1616 17932 API Response: GET /docs - 404
WARNING 2026-05-09 11:25:25,075 log 1616 17932 Not Found: /docs
WARNING 2026-05-09 11:25:25,075 basehttp 1616 17932 "GET /docs HTTP/1.1" 404 179
INFO 2026-05-09 11:25:28,568 basehttp 1616 17932 "GET / HTTP/1.1" 200 43
